[34m2023-08-07 09:34:40,436[0;39m [31m[][0;39m [31m[][0;39m [34mINFO [0;39m [[34mrestartedMain[0;39m] [33morg.springframework.boot.SpringApplication[0;39m: The following 2 profiles are active: "dev", "api-docs"
[34m2023-08-07 09:34:44,343[0;39m [31m[][0;39m [31m[][0;39m [39mDEBUG[0;39m [[34mrestartedMain[0;39m] [33mvn.com.hsc.clientmgmt.config.WebConfigurer[0;39m: Registering CORS filter
[34m2023-08-07 09:34:44,373[0;39m [31m[][0;39m [31m[][0;39m [34mINFO [0;39m [[34mrestartedMain[0;39m] [33mvn.com.hsc.clientmgmt.config.WebConfigurer[0;39m: Web application configuration, using profiles: dev
[34m2023-08-07 09:34:44,373[0;39m [31m[][0;39m [31m[][0;39m [34mINFO [0;39m [[34mrestartedMain[0;39m] [33mvn.com.hsc.clientmgmt.config.WebConfigurer[0;39m: Web application fully configured
[34m2023-08-07 09:34:47,766[0;39m [31m[][0;39m [31m[][0;39m [34mINFO [0;39m [[34mrestartedMain[0;39m] [33mvn.com.hsc.clientmgmt.config.ClientMgmtPropertiesBean[0;39m: 
----------------------------------------------------------
	endpointIamClientURL: 	http://172.19.1.11:8085
	endpointIamStaffURL: 	http://172.19.1.11:8084
----------------------------------------------------------
[34m2023-08-07 09:34:48,444[0;39m [31m[][0;39m [31m[][0;39m [39mDEBUG[0;39m [[34mrestartedMain[0;39m] [33mvn.com.hsc.clientmgmt.security.jwt.TokenProvider[0;39m: Using a Base64-encoded JWT secret key
[34m2023-08-07 09:34:52,812[0;39m [31m[][0;39m [31m[][0;39m [39mDEBUG[0;39m [[34mrestartedMain[0;39m] [33mvn.com.hsc.clientmgmt.config.AsyncConfiguration[0;39m: Creating Async Task Executor
[34m2023-08-07 09:34:55,103[0;39m [31m[][0;39m [31m[][0;39m [39mDEBUG[0;39m [[34mrestartedMain[0;39m] [33morg.springframework.web.filter.GenericFilterBean[0;39m: Filter 'headerFilter' configured for use
[34m2023-08-07 09:34:55,234[0;39m [31m[][0;39m [31m[][0;39m [34mINFO [0;39m [[34mrestartedMain[0;39m] [33morg.springframework.boot.StartupInfoLogger[0;39m: Started SpClientMgmtApp in 17.788 seconds (JVM running for 19.107)
[34m2023-08-07 09:34:55,238[0;39m [31m[][0;39m [31m[][0;39m [34mINFO [0;39m [[34mrestartedMain[0;39m] [33mvn.com.hsc.clientmgmt.SpClientMgmtApp[0;39m: 
----------------------------------------------------------
	Application 'SPClientMgmt' is running! Access URLs:
	Local: 		http://localhost:8088/
	External: 	http://172.19.15.22:8088/
	Database: 	jdbc:postgresql://172.31.32.5:5432/hsc_client_mgmt_s11
	
	CashMgmt: 	http://172.19.1.11:8083
	Camunda: 	http://172.19.1.11:9990
	CoreBo: 	http://172.19.1.11:8081
	Utilities: 	http://172.19.1.11:8092
	IamClient: 	http://172.19.1.11:8085
	IamStaff: 	http://172.19.1.11:8084
	
	Profile(s): 	[dev, api-docs]
----------------------------------------------------------
[34m2023-08-07 09:34:55,238[0;39m [31m[][0;39m [31m[][0;39m [34mINFO [0;39m [[34mrestartedMain[0;39m] [33mvn.com.hsc.clientmgmt.SpClientMgmtApp[0;39m: 
----------------------------------------------------------
	Config Server: 	Not found or not setup for this application
----------------------------------------------------------
[34m2023-08-07 09:34:55,238[0;39m [31m[][0;39m [31m[][0;39m [34mINFO [0;39m [[34mrestartedMain[0;39m] [33mvn.com.hsc.clientmgmt.SpClientMgmtApp[0;39m: 
----------------------------------------------------------
	Application 'SPClientMgmt' is running! Access URLs:
	Local: 		http://localhost:8088/
	External: 	http://172.19.15.22:8088/
	Database: 	jdbc:postgresql://172.31.32.5:5432/hsc_client_mgmt_s11
	
	CashMgmt: 	http://172.19.1.11:8083
	Camunda: 	http://172.19.1.11:9990
	CoreBo: 	http://172.19.1.11:8081
	Utilities: 	http://172.19.1.11:8092
	IamClient: 	http://172.19.1.11:8085
	IamStaff: 	http://172.19.1.11:8084
	
	Profile(s): 	[dev, api-docs]
----------------------------------------------------------
[34m2023-08-07 09:34:55,238[0;39m [31m[][0;39m [31m[][0;39m [34mINFO [0;39m [[34mrestartedMain[0;39m] [33mvn.com.hsc.clientmgmt.SpClientMgmtApp[0;39m: 
----------------------------------------------------------
	Config Server: 	Not found or not setup for this application
----------------------------------------------------------
[34m2023-08-07 09:34:55,240[0;39m [31m[][0;39m [31m[][0;39m [34mINFO [0;39m [[34mrestartedMain[0;39m] [33mvn.com.hsc.clientmgmt.integration.IamClientService[0;39m: 
================getCurClientmgmtToIamClientState ================
	
[34m2023-08-07 09:34:55,241[0;39m [31m[][0;39m [31m[][0;39m [34mINFO [0;39m [[34mrestartedMain[0;39m] [33mvn.com.hsc.clientmgmt.integration.IamClientService[0;39m: 
================CurrentUser.getSystemToken(): []================
	
[34m2023-08-07 09:34:55,242[0;39m [31m[][0;39m [31m[][0;39m [34mINFO [0;39m [[34mrestartedMain[0;39m] [33mvn.com.hsc.clientmgmt.integration.IamClientService[0;39m: 
================CurrentUser.getOriginToken(): []================
	
[34m2023-08-07 09:34:55,446[0;39m [31m[][0;39m [31m[][0;39m [34mINFO [0;39m [[34mrestartedMain[0;39m] [33mvn.com.hsc.clientmgmt.SpClientMgmtApp[0;39m: 
----------------------------------------------------------
	Server Realms Client: 	hsc-account-api
----------------------------------------------------------
[34m2023-08-07 09:34:55,448[0;39m [31m[][0;39m [31m[][0;39m [34mINFO [0;39m [[34mrestartedMain[0;39m] [33mvn.com.hsc.clientmgmt.SpClientMgmtApp[0;39m: 
----------------------------------------------------------
	Server Realms Staff: 	hsc-staff
----------------------------------------------------------
[34m2023-08-07 09:34:55,451[0;39m [31m[][0;39m [31m[][0;39m [39mDEBUG[0;39m [[34mmain[0;39m] [33mvn.com.hsc.clientmgmt.SpClientMgmtApp[0;39m: Spring is restarting the main thread - See spring-boot-devtools - start ClientMgmt 
[34m2023-08-07 09:35:00,030[0;39m [31m[][0;39m [31m[][0;39m [34mINFO [0;39m [[34msp-client-mgmt-scheduling-1[0;39m] [33mvn.com.hsc.clientmgmt.scheduler.SchedulerJob[0;39m: alertDailyUpdateContractDueDate: [2023-08-07T09:35:00.030380]
[34m2023-08-07 09:35:00,038[0;39m [31m[][0;39m [31m[][0;39m [39mDEBUG[0;39m [[34msp-client-mgmt-scheduling-1[0;39m] [33mvn.com.hsc.clientmgmt.aop.ExecutionTimeAdvice[0;39m: ======> END   - vn.com.hsc.clientmgmt.scheduler.SchedulerJob->updateVSDStatus(): take 4ms, userName = [null], null
[34m2023-08-07 09:36:00,014[0;39m [31m[][0;39m [31m[][0;39m [34mINFO [0;39m [[34msp-client-mgmt-scheduling-1[0;39m] [33mvn.com.hsc.clientmgmt.scheduler.SchedulerJob[0;39m: alertDailyUpdateContractDueDate: [2023-08-07T09:36:00.014576400]
[34m2023-08-07 09:36:00,015[0;39m [31m[][0;39m [31m[][0;39m [39mDEBUG[0;39m [[34msp-client-mgmt-scheduling-1[0;39m] [33mvn.com.hsc.clientmgmt.aop.ExecutionTimeAdvice[0;39m: ======> END   - vn.com.hsc.clientmgmt.scheduler.SchedulerJob->updateVSDStatus(): take 0ms, userName = [null], null
[34m2023-08-07 09:37:00,013[0;39m [31m[][0;39m [31m[][0;39m [34mINFO [0;39m [[34msp-client-mgmt-scheduling-1[0;39m] [33mvn.com.hsc.clientmgmt.scheduler.SchedulerJob[0;39m: alertDailyUpdateContractDueDate: [2023-08-07T09:37:00.013660]
[34m2023-08-07 09:37:00,015[0;39m [31m[][0;39m [31m[][0;39m [39mDEBUG[0;39m [[34msp-client-mgmt-scheduling-1[0;39m] [33mvn.com.hsc.clientmgmt.aop.ExecutionTimeAdvice[0;39m: ======> END   - vn.com.hsc.clientmgmt.scheduler.SchedulerJob->updateVSDStatus(): take 1ms, userName = [null], null
[34m2023-08-07 09:38:00,005[0;39m [31m[][0;39m [31m[][0;39m [34mINFO [0;39m [[34msp-client-mgmt-scheduling-1[0;39m] [33mvn.com.hsc.clientmgmt.scheduler.SchedulerJob[0;39m: alertDailyUpdateContractDueDate: [2023-08-07T09:38:00.005896]
[34m2023-08-07 09:38:00,005[0;39m [31m[][0;39m [31m[][0;39m [39mDEBUG[0;39m [[34msp-client-mgmt-scheduling-1[0;39m] [33mvn.com.hsc.clientmgmt.aop.ExecutionTimeAdvice[0;39m: ======> END   - vn.com.hsc.clientmgmt.scheduler.SchedulerJob->updateVSDStatus(): take 0ms, userName = [null], null
[34m2023-08-07 09:39:00,011[0;39m [31m[][0;39m [31m[][0;39m [34mINFO [0;39m [[34msp-client-mgmt-scheduling-1[0;39m] [33mvn.com.hsc.clientmgmt.scheduler.SchedulerJob[0;39m: alertDailyUpdateContractDueDate: [2023-08-07T09:39:00.011148900]
[34m2023-08-07 09:39:00,013[0;39m [31m[][0;39m [31m[][0;39m [39mDEBUG[0;39m [[34msp-client-mgmt-scheduling-1[0;39m] [33mvn.com.hsc.clientmgmt.aop.ExecutionTimeAdvice[0;39m: ======> END   - vn.com.hsc.clientmgmt.scheduler.SchedulerJob->updateVSDStatus(): take 1ms, userName = [null], null
[34m2023-08-07 09:40:00,009[0;39m [31m[][0;39m [31m[][0;39m [34mINFO [0;39m [[34msp-client-mgmt-scheduling-1[0;39m] [33mvn.com.hsc.clientmgmt.scheduler.SchedulerJob[0;39m: alertDailyUpdateContractDueDate: [2023-08-07T09:40:00.008445700]
[34m2023-08-07 09:40:00,010[0;39m [31m[][0;39m [31m[][0;39m [39mDEBUG[0;39m [[34msp-client-mgmt-scheduling-1[0;39m] [33mvn.com.hsc.clientmgmt.aop.ExecutionTimeAdvice[0;39m: ======> END   - vn.com.hsc.clientmgmt.scheduler.SchedulerJob->updateVSDStatus(): take 1ms, userName = [null], null
[34m2023-08-07 09:41:00,013[0;39m [31m[][0;39m [31m[][0;39m [34mINFO [0;39m [[34msp-client-mgmt-scheduling-1[0;39m] [33mvn.com.hsc.clientmgmt.scheduler.SchedulerJob[0;39m: alertDailyUpdateContractDueDate: [2023-08-07T09:41:00.013024600]
[34m2023-08-07 09:41:00,013[0;39m [31m[][0;39m [31m[][0;39m [39mDEBUG[0;39m [[34msp-client-mgmt-scheduling-1[0;39m] [33mvn.com.hsc.clientmgmt.aop.ExecutionTimeAdvice[0;39m: ======> END   - vn.com.hsc.clientmgmt.scheduler.SchedulerJob->updateVSDStatus(): take 0ms, userName = [null], null
[34m2023-08-07 09:42:00,005[0;39m [31m[][0;39m [31m[][0;39m [34mINFO [0;39m [[34msp-client-mgmt-scheduling-1[0;39m] [33mvn.com.hsc.clientmgmt.scheduler.SchedulerJob[0;39m: alertDailyUpdateContractDueDate: [2023-08-07T09:42:00.005839500]
[34m2023-08-07 09:42:00,007[0;39m [31m[][0;39m [31m[][0;39m [39mDEBUG[0;39m [[34msp-client-mgmt-scheduling-1[0;39m] [33mvn.com.hsc.clientmgmt.aop.ExecutionTimeAdvice[0;39m: ======> END   - vn.com.hsc.clientmgmt.scheduler.SchedulerJob->updateVSDStatus(): take 1ms, userName = [null], null
[34m2023-08-07 09:43:00,014[0;39m [31m[][0;39m [31m[][0;39m [34mINFO [0;39m [[34msp-client-mgmt-scheduling-2[0;39m] [33mvn.com.hsc.clientmgmt.scheduler.SchedulerJob[0;39m: alertDailyUpdateContractDueDate: [2023-08-07T09:43:00.013748700]
[34m2023-08-07 09:43:00,015[0;39m [31m[][0;39m [31m[][0;39m [39mDEBUG[0;39m [[34msp-client-mgmt-scheduling-2[0;39m] [33mvn.com.hsc.clientmgmt.aop.ExecutionTimeAdvice[0;39m: ======> END   - vn.com.hsc.clientmgmt.scheduler.SchedulerJob->updateVSDStatus(): take 1ms, userName = [null], null
[34m2023-08-07 09:44:00,005[0;39m [31m[][0;39m [31m[][0;39m [34mINFO [0;39m [[34msp-client-mgmt-scheduling-2[0;39m] [33mvn.com.hsc.clientmgmt.scheduler.SchedulerJob[0;39m: alertDailyUpdateContractDueDate: [2023-08-07T09:44:00.005340]
[34m2023-08-07 09:44:00,007[0;39m [31m[][0;39m [31m[][0;39m [39mDEBUG[0;39m [[34msp-client-mgmt-scheduling-2[0;39m] [33mvn.com.hsc.clientmgmt.aop.ExecutionTimeAdvice[0;39m: ======> END   - vn.com.hsc.clientmgmt.scheduler.SchedulerJob->updateVSDStatus(): take 1ms, userName = [null], null
[34m2023-08-07 09:45:00,004[0;39m [31m[][0;39m [31m[][0;39m [34mINFO [0;39m [[34msp-client-mgmt-scheduling-2[0;39m] [33mvn.com.hsc.clientmgmt.scheduler.SchedulerJob[0;39m: alertDailyUpdateContractDueDate: [2023-08-07T09:45:00.004816300]
[34m2023-08-07 09:45:00,006[0;39m [31m[][0;39m [31m[][0;39m [39mDEBUG[0;39m [[34msp-client-mgmt-scheduling-2[0;39m] [33mvn.com.hsc.clientmgmt.aop.ExecutionTimeAdvice[0;39m: ======> END   - vn.com.hsc.clientmgmt.scheduler.SchedulerJob->updateVSDStatus(): take 1ms, userName = [null], null
[34m2023-08-07 09:46:00,005[0;39m [31m[][0;39m [31m[][0;39m [34mINFO [0;39m [[34msp-client-mgmt-scheduling-2[0;39m] [33mvn.com.hsc.clientmgmt.scheduler.SchedulerJob[0;39m: alertDailyUpdateContractDueDate: [2023-08-07T09:46:00.005725400]
[34m2023-08-07 09:46:00,006[0;39m [31m[][0;39m [31m[][0;39m [39mDEBUG[0;39m [[34msp-client-mgmt-scheduling-2[0;39m] [33mvn.com.hsc.clientmgmt.aop.ExecutionTimeAdvice[0;39m: ======> END   - vn.com.hsc.clientmgmt.scheduler.SchedulerJob->updateVSDStatus(): take 0ms, userName = [null], null
[34m2023-08-07 09:47:00,015[0;39m [31m[][0;39m [31m[][0;39m [34mINFO [0;39m [[34msp-client-mgmt-scheduling-2[0;39m] [33mvn.com.hsc.clientmgmt.scheduler.SchedulerJob[0;39m: alertDailyUpdateContractDueDate: [2023-08-07T09:47:00.015212]
[34m2023-08-07 09:47:00,016[0;39m [31m[][0;39m [31m[][0;39m [39mDEBUG[0;39m [[34msp-client-mgmt-scheduling-2[0;39m] [33mvn.com.hsc.clientmgmt.aop.ExecutionTimeAdvice[0;39m: ======> END   - vn.com.hsc.clientmgmt.scheduler.SchedulerJob->updateVSDStatus(): take 0ms, userName = [null], null
[34m2023-08-07 09:48:00,016[0;39m [31m[][0;39m [31m[][0;39m [34mINFO [0;39m [[34msp-client-mgmt-scheduling-2[0;39m] [33mvn.com.hsc.clientmgmt.scheduler.SchedulerJob[0;39m: alertDailyUpdateContractDueDate: [2023-08-07T09:48:00.016878500]
[34m2023-08-07 09:48:00,017[0;39m [31m[][0;39m [31m[][0;39m [39mDEBUG[0;39m [[34msp-client-mgmt-scheduling-2[0;39m] [33mvn.com.hsc.clientmgmt.aop.ExecutionTimeAdvice[0;39m: ======> END   - vn.com.hsc.clientmgmt.scheduler.SchedulerJob->updateVSDStatus(): take 0ms, userName = [null], null
[34m2023-08-07 09:49:00,007[0;39m [31m[][0;39m [31m[][0;39m [34mINFO [0;39m [[34msp-client-mgmt-scheduling-2[0;39m] [33mvn.com.hsc.clientmgmt.scheduler.SchedulerJob[0;39m: alertDailyUpdateContractDueDate: [2023-08-07T09:49:00.007140400]
[34m2023-08-07 09:49:00,009[0;39m [31m[][0;39m [31m[][0;39m [39mDEBUG[0;39m [[34msp-client-mgmt-scheduling-2[0;39m] [33mvn.com.hsc.clientmgmt.aop.ExecutionTimeAdvice[0;39m: ======> END   - vn.com.hsc.clientmgmt.scheduler.SchedulerJob->updateVSDStatus(): take 1ms, userName = [null], null
[34m2023-08-07 09:50:00,006[0;39m [31m[][0;39m [31m[][0;39m [34mINFO [0;39m [[34msp-client-mgmt-scheduling-2[0;39m] [33mvn.com.hsc.clientmgmt.scheduler.SchedulerJob[0;39m: alertDailyUpdateContractDueDate: [2023-08-07T09:50:00.006376300]
[34m2023-08-07 09:50:00,006[0;39m [31m[][0;39m [31m[][0;39m [39mDEBUG[0;39m [[34msp-client-mgmt-scheduling-2[0;39m] [33mvn.com.hsc.clientmgmt.aop.ExecutionTimeAdvice[0;39m: ======> END   - vn.com.hsc.clientmgmt.scheduler.SchedulerJob->updateVSDStatus(): take 0ms, userName = [null], null
[34m2023-08-07 09:51:00,018[0;39m [31m[][0;39m [31m[][0;39m [34mINFO [0;39m [[34msp-client-mgmt-scheduling-2[0;39m] [33mvn.com.hsc.clientmgmt.scheduler.SchedulerJob[0;39m: alertDailyUpdateContractDueDate: [2023-08-07T09:51:00.018086800]
[34m2023-08-07 09:51:00,018[0;39m [31m[][0;39m [31m[][0;39m [39mDEBUG[0;39m [[34msp-client-mgmt-scheduling-2[0;39m] [33mvn.com.hsc.clientmgmt.aop.ExecutionTimeAdvice[0;39m: ======> END   - vn.com.hsc.clientmgmt.scheduler.SchedulerJob->updateVSDStatus(): take 0ms, userName = [null], null
[34m2023-08-07 09:52:00,018[0;39m [31m[][0;39m [31m[][0;39m [34mINFO [0;39m [[34msp-client-mgmt-scheduling-2[0;39m] [33mvn.com.hsc.clientmgmt.scheduler.SchedulerJob[0;39m: alertDailyUpdateContractDueDate: [2023-08-07T09:52:00.018703400]
[34m2023-08-07 09:52:00,018[0;39m [31m[][0;39m [31m[][0;39m [39mDEBUG[0;39m [[34msp-client-mgmt-scheduling-2[0;39m] [33mvn.com.hsc.clientmgmt.aop.ExecutionTimeAdvice[0;39m: ======> END   - vn.com.hsc.clientmgmt.scheduler.SchedulerJob->updateVSDStatus(): take 0ms, userName = [null], null
[34m2023-08-07 09:53:00,009[0;39m [31m[][0;39m [31m[][0;39m [34mINFO [0;39m [[34msp-client-mgmt-scheduling-2[0;39m] [33mvn.com.hsc.clientmgmt.scheduler.SchedulerJob[0;39m: alertDailyUpdateContractDueDate: [2023-08-07T09:53:00.009587800]
[34m2023-08-07 09:53:00,010[0;39m [31m[][0;39m [31m[][0;39m [39mDEBUG[0;39m [[34msp-client-mgmt-scheduling-2[0;39m] [33mvn.com.hsc.clientmgmt.aop.ExecutionTimeAdvice[0;39m: ======> END   - vn.com.hsc.clientmgmt.scheduler.SchedulerJob->updateVSDStatus(): take 0ms, userName = [null], null
[34m2023-08-07 09:54:00,017[0;39m [31m[][0;39m [31m[][0;39m [34mINFO [0;39m [[34msp-client-mgmt-scheduling-2[0;39m] [33mvn.com.hsc.clientmgmt.scheduler.SchedulerJob[0;39m: alertDailyUpdateContractDueDate: [2023-08-07T09:54:00.017618500]
[34m2023-08-07 09:54:00,018[0;39m [31m[][0;39m [31m[][0;39m [39mDEBUG[0;39m [[34msp-client-mgmt-scheduling-2[0;39m] [33mvn.com.hsc.clientmgmt.aop.ExecutionTimeAdvice[0;39m: ======> END   - vn.com.hsc.clientmgmt.scheduler.SchedulerJob->updateVSDStatus(): take 0ms, userName = [null], null
[34m2023-08-07 09:55:00,014[0;39m [31m[][0;39m [31m[][0;39m [34mINFO [0;39m [[34msp-client-mgmt-scheduling-2[0;39m] [33mvn.com.hsc.clientmgmt.scheduler.SchedulerJob[0;39m: alertDailyUpdateContractDueDate: [2023-08-07T09:55:00.014466900]
[34m2023-08-07 09:55:00,015[0;39m [31m[][0;39m [31m[][0;39m [39mDEBUG[0;39m [[34msp-client-mgmt-scheduling-2[0;39m] [33mvn.com.hsc.clientmgmt.aop.ExecutionTimeAdvice[0;39m: ======> END   - vn.com.hsc.clientmgmt.scheduler.SchedulerJob->updateVSDStatus(): take 1ms, userName = [null], null
[34m2023-08-07 09:56:00,010[0;39m [31m[][0;39m [31m[][0;39m [34mINFO [0;39m [[34msp-client-mgmt-scheduling-2[0;39m] [33mvn.com.hsc.clientmgmt.scheduler.SchedulerJob[0;39m: alertDailyUpdateContractDueDate: [2023-08-07T09:56:00.010969800]
[34m2023-08-07 09:56:00,010[0;39m [31m[][0;39m [31m[][0;39m [39mDEBUG[0;39m [[34msp-client-mgmt-scheduling-2[0;39m] [33mvn.com.hsc.clientmgmt.aop.ExecutionTimeAdvice[0;39m: ======> END   - vn.com.hsc.clientmgmt.scheduler.SchedulerJob->updateVSDStatus(): take 0ms, userName = [null], null
[34m2023-08-07 09:57:00,013[0;39m [31m[][0;39m [31m[][0;39m [34mINFO [0;39m [[34msp-client-mgmt-scheduling-2[0;39m] [33mvn.com.hsc.clientmgmt.scheduler.SchedulerJob[0;39m: alertDailyUpdateContractDueDate: [2023-08-07T09:57:00.013966500]
[34m2023-08-07 09:57:00,013[0;39m [31m[][0;39m [31m[][0;39m [39mDEBUG[0;39m [[34msp-client-mgmt-scheduling-2[0;39m] [33mvn.com.hsc.clientmgmt.aop.ExecutionTimeAdvice[0;39m: ======> END   - vn.com.hsc.clientmgmt.scheduler.SchedulerJob->updateVSDStatus(): take 0ms, userName = [null], null
[34m2023-08-07 09:58:00,014[0;39m [31m[][0;39m [31m[][0;39m [34mINFO [0;39m [[34msp-client-mgmt-scheduling-1[0;39m] [33mvn.com.hsc.clientmgmt.scheduler.SchedulerJob[0;39m: alertDailyUpdateContractDueDate: [2023-08-07T09:58:00.014370600]
[34m2023-08-07 09:58:00,015[0;39m [31m[][0;39m [31m[][0;39m [39mDEBUG[0;39m [[34msp-client-mgmt-scheduling-1[0;39m] [33mvn.com.hsc.clientmgmt.aop.ExecutionTimeAdvice[0;39m: ======> END   - vn.com.hsc.clientmgmt.scheduler.SchedulerJob->updateVSDStatus(): take 1ms, userName = [null], null
[34m2023-08-07 09:59:00,018[0;39m [31m[][0;39m [31m[][0;39m [34mINFO [0;39m [[34msp-client-mgmt-scheduling-1[0;39m] [33mvn.com.hsc.clientmgmt.scheduler.SchedulerJob[0;39m: alertDailyUpdateContractDueDate: [2023-08-07T09:59:00.018539400]
[34m2023-08-07 09:59:00,018[0;39m [31m[][0;39m [31m[][0;39m [39mDEBUG[0;39m [[34msp-client-mgmt-scheduling-1[0;39m] [33mvn.com.hsc.clientmgmt.aop.ExecutionTimeAdvice[0;39m: ======> END   - vn.com.hsc.clientmgmt.scheduler.SchedulerJob->updateVSDStatus(): take 0ms, userName = [null], null
[34m2023-08-07 10:00:00,013[0;39m [31m[][0;39m [31m[][0;39m [34mINFO [0;39m [[34msp-client-mgmt-scheduling-1[0;39m] [33mvn.com.hsc.clientmgmt.scheduler.SchedulerJob[0;39m: alertDailyUpdateContractDueDate: [2023-08-07T10:00:00.013636]
[34m2023-08-07 10:00:00,013[0;39m [31m[][0;39m [31m[][0;39m [39mDEBUG[0;39m [[34msp-client-mgmt-scheduling-1[0;39m] [33mvn.com.hsc.clientmgmt.aop.ExecutionTimeAdvice[0;39m: ======> END   - vn.com.hsc.clientmgmt.scheduler.SchedulerJob->updateVSDStatus(): take 0ms, userName = [null], null
[34m2023-08-07 10:01:00,014[0;39m [31m[][0;39m [31m[][0;39m [34mINFO [0;39m [[34msp-client-mgmt-scheduling-1[0;39m] [33mvn.com.hsc.clientmgmt.scheduler.SchedulerJob[0;39m: alertDailyUpdateContractDueDate: [2023-08-07T10:01:00.014919700]
[34m2023-08-07 10:01:00,014[0;39m [31m[][0;39m [31m[][0;39m [39mDEBUG[0;39m [[34msp-client-mgmt-scheduling-1[0;39m] [33mvn.com.hsc.clientmgmt.aop.ExecutionTimeAdvice[0;39m: ======> END   - vn.com.hsc.clientmgmt.scheduler.SchedulerJob->updateVSDStatus(): take 0ms, userName = [null], null
[34m2023-08-07 10:01:00,076[0;39m [31m[][0;39m [31m[][0;39m [34mINFO [0;39m [[34msp-client-mgmt-scheduling-2[0;39m] [33mvn.com.hsc.clientmgmt.scheduler.SchedulerJob[0;39m: alertDailyUpdateContractDueDate: [2023-08-07T10:01:00.076922700]
[34m2023-08-07 10:01:00,076[0;39m [31m[][0;39m [31m[][0;39m [39mDEBUG[0;39m [[34msp-client-mgmt-scheduling-2[0;39m] [33mvn.com.hsc.clientmgmt.aop.ExecutionTimeAdvice[0;39m: ======> END   - vn.com.hsc.clientmgmt.scheduler.SchedulerJob->alertDailyUpdateContractDueDate(): take 0ms, userName = [null], null
[34m2023-08-07 10:02:00,004[0;39m [31m[][0;39m [31m[][0;39m [34mINFO [0;39m [[34msp-client-mgmt-scheduling-1[0;39m] [33mvn.com.hsc.clientmgmt.scheduler.SchedulerJob[0;39m: alertDailyUpdateContractDueDate: [2023-08-07T10:02:00.004101700]
[34m2023-08-07 10:02:00,023[0;39m [31m[][0;39m [31m[][0;39m [39mDEBUG[0;39m [[34msp-client-mgmt-scheduling-1[0;39m] [33mvn.com.hsc.clientmgmt.aop.ExecutionTimeAdvice[0;39m: ======> END   - vn.com.hsc.clientmgmt.scheduler.SchedulerJob->updateVSDStatus(): take 18ms, userName = [null], null
[34m2023-08-07 10:03:00,007[0;39m [31m[][0;39m [31m[][0;39m [34mINFO [0;39m [[34msp-client-mgmt-scheduling-1[0;39m] [33mvn.com.hsc.clientmgmt.scheduler.SchedulerJob[0;39m: alertDailyUpdateContractDueDate: [2023-08-07T10:03:00.007891300]
[34m2023-08-07 10:03:00,008[0;39m [31m[][0;39m [31m[][0;39m [39mDEBUG[0;39m [[34msp-client-mgmt-scheduling-1[0;39m] [33mvn.com.hsc.clientmgmt.aop.ExecutionTimeAdvice[0;39m: ======> END   - vn.com.hsc.clientmgmt.scheduler.SchedulerJob->updateVSDStatus(): take 0ms, userName = [null], null
[34m2023-08-07 10:04:00,006[0;39m [31m[][0;39m [31m[][0;39m [34mINFO [0;39m [[34msp-client-mgmt-scheduling-1[0;39m] [33mvn.com.hsc.clientmgmt.scheduler.SchedulerJob[0;39m: alertDailyUpdateContractDueDate: [2023-08-07T10:04:00.006926800]
[34m2023-08-07 10:04:00,007[0;39m [31m[][0;39m [31m[][0;39m [39mDEBUG[0;39m [[34msp-client-mgmt-scheduling-1[0;39m] [33mvn.com.hsc.clientmgmt.aop.ExecutionTimeAdvice[0;39m: ======> END   - vn.com.hsc.clientmgmt.scheduler.SchedulerJob->updateVSDStatus(): take 1ms, userName = [null], null
[34m2023-08-07 10:05:00,018[0;39m [31m[][0;39m [31m[][0;39m [34mINFO [0;39m [[34msp-client-mgmt-scheduling-1[0;39m] [33mvn.com.hsc.clientmgmt.scheduler.SchedulerJob[0;39m: alertDailyUpdateContractDueDate: [2023-08-07T10:05:00.018960200]
[34m2023-08-07 10:05:00,018[0;39m [31m[][0;39m [31m[][0;39m [39mDEBUG[0;39m [[34msp-client-mgmt-scheduling-1[0;39m] [33mvn.com.hsc.clientmgmt.aop.ExecutionTimeAdvice[0;39m: ======> END   - vn.com.hsc.clientmgmt.scheduler.SchedulerJob->updateVSDStatus(): take 0ms, userName = [null], null
[34m2023-08-07 10:06:00,021[0;39m [31m[][0;39m [31m[][0;39m [34mINFO [0;39m [[34msp-client-mgmt-scheduling-1[0;39m] [33mvn.com.hsc.clientmgmt.scheduler.SchedulerJob[0;39m: alertDailyUpdateContractDueDate: [2023-08-07T10:06:00.020658100]
[34m2023-08-07 10:06:00,021[0;39m [31m[][0;39m [31m[][0;39m [39mDEBUG[0;39m [[34msp-client-mgmt-scheduling-1[0;39m] [33mvn.com.hsc.clientmgmt.aop.ExecutionTimeAdvice[0;39m: ======> END   - vn.com.hsc.clientmgmt.scheduler.SchedulerJob->updateVSDStatus(): take 0ms, userName = [null], null
[34m2023-08-07 10:07:00,008[0;39m [31m[][0;39m [31m[][0;39m [34mINFO [0;39m [[34msp-client-mgmt-scheduling-1[0;39m] [33mvn.com.hsc.clientmgmt.scheduler.SchedulerJob[0;39m: alertDailyUpdateContractDueDate: [2023-08-07T10:07:00.008204200]
[34m2023-08-07 10:07:00,008[0;39m [31m[][0;39m [31m[][0;39m [39mDEBUG[0;39m [[34msp-client-mgmt-scheduling-1[0;39m] [33mvn.com.hsc.clientmgmt.aop.ExecutionTimeAdvice[0;39m: ======> END   - vn.com.hsc.clientmgmt.scheduler.SchedulerJob->updateVSDStatus(): take 0ms, userName = [null], null
[34m2023-08-07 10:08:00,011[0;39m [31m[][0;39m [31m[][0;39m [34mINFO [0;39m [[34msp-client-mgmt-scheduling-1[0;39m] [33mvn.com.hsc.clientmgmt.scheduler.SchedulerJob[0;39m: alertDailyUpdateContractDueDate: [2023-08-07T10:08:00.011476100]
[34m2023-08-07 10:08:00,011[0;39m [31m[][0;39m [31m[][0;39m [39mDEBUG[0;39m [[34msp-client-mgmt-scheduling-1[0;39m] [33mvn.com.hsc.clientmgmt.aop.ExecutionTimeAdvice[0;39m: ======> END   - vn.com.hsc.clientmgmt.scheduler.SchedulerJob->updateVSDStatus(): take 0ms, userName = [null], null
[34m2023-08-07 10:09:00,014[0;39m [31m[][0;39m [31m[][0;39m [34mINFO [0;39m [[34msp-client-mgmt-scheduling-1[0;39m] [33mvn.com.hsc.clientmgmt.scheduler.SchedulerJob[0;39m: alertDailyUpdateContractDueDate: [2023-08-07T10:09:00.014625600]
[34m2023-08-07 10:09:00,015[0;39m [31m[][0;39m [31m[][0;39m [39mDEBUG[0;39m [[34msp-client-mgmt-scheduling-1[0;39m] [33mvn.com.hsc.clientmgmt.aop.ExecutionTimeAdvice[0;39m: ======> END   - vn.com.hsc.clientmgmt.scheduler.SchedulerJob->updateVSDStatus(): take 0ms, userName = [null], null
[34m2023-08-07 10:10:00,010[0;39m [31m[][0;39m [31m[][0;39m [34mINFO [0;39m [[34msp-client-mgmt-scheduling-1[0;39m] [33mvn.com.hsc.clientmgmt.scheduler.SchedulerJob[0;39m: alertDailyUpdateContractDueDate: [2023-08-07T10:10:00.010530700]
[34m2023-08-07 10:10:00,010[0;39m [31m[][0;39m [31m[][0;39m [39mDEBUG[0;39m [[34msp-client-mgmt-scheduling-1[0;39m] [33mvn.com.hsc.clientmgmt.aop.ExecutionTimeAdvice[0;39m: ======> END   - vn.com.hsc.clientmgmt.scheduler.SchedulerJob->updateVSDStatus(): take 0ms, userName = [null], null
[34m2023-08-07 10:11:00,012[0;39m [31m[][0;39m [31m[][0;39m [34mINFO [0;39m [[34msp-client-mgmt-scheduling-1[0;39m] [33mvn.com.hsc.clientmgmt.scheduler.SchedulerJob[0;39m: alertDailyUpdateContractDueDate: [2023-08-07T10:11:00.012799600]
[34m2023-08-07 10:11:00,013[0;39m [31m[][0;39m [31m[][0;39m [39mDEBUG[0;39m [[34msp-client-mgmt-scheduling-1[0;39m] [33mvn.com.hsc.clientmgmt.aop.ExecutionTimeAdvice[0;39m: ======> END   - vn.com.hsc.clientmgmt.scheduler.SchedulerJob->updateVSDStatus(): take 0ms, userName = [null], null
[34m2023-08-07 10:12:00,018[0;39m [31m[][0;39m [31m[][0;39m [34mINFO [0;39m [[34msp-client-mgmt-scheduling-1[0;39m] [33mvn.com.hsc.clientmgmt.scheduler.SchedulerJob[0;39m: alertDailyUpdateContractDueDate: [2023-08-07T10:12:00.018747900]
[34m2023-08-07 10:12:00,018[0;39m [31m[][0;39m [31m[][0;39m [39mDEBUG[0;39m [[34msp-client-mgmt-scheduling-1[0;39m] [33mvn.com.hsc.clientmgmt.aop.ExecutionTimeAdvice[0;39m: ======> END   - vn.com.hsc.clientmgmt.scheduler.SchedulerJob->updateVSDStatus(): take 0ms, userName = [null], null
[34m2023-08-07 10:13:00,013[0;39m [31m[][0;39m [31m[][0;39m [34mINFO [0;39m [[34msp-client-mgmt-scheduling-1[0;39m] [33mvn.com.hsc.clientmgmt.scheduler.SchedulerJob[0;39m: alertDailyUpdateContractDueDate: [2023-08-07T10:13:00.013873400]
[34m2023-08-07 10:13:00,013[0;39m [31m[][0;39m [31m[][0;39m [39mDEBUG[0;39m [[34msp-client-mgmt-scheduling-1[0;39m] [33mvn.com.hsc.clientmgmt.aop.ExecutionTimeAdvice[0;39m: ======> END   - vn.com.hsc.clientmgmt.scheduler.SchedulerJob->updateVSDStatus(): take 0ms, userName = [null], null
[34m2023-08-07 10:14:00,007[0;39m [31m[][0;39m [31m[][0;39m [34mINFO [0;39m [[34msp-client-mgmt-scheduling-1[0;39m] [33mvn.com.hsc.clientmgmt.scheduler.SchedulerJob[0;39m: alertDailyUpdateContractDueDate: [2023-08-07T10:14:00.007749100]
[34m2023-08-07 10:14:00,008[0;39m [31m[][0;39m [31m[][0;39m [39mDEBUG[0;39m [[34msp-client-mgmt-scheduling-1[0;39m] [33mvn.com.hsc.clientmgmt.aop.ExecutionTimeAdvice[0;39m: ======> END   - vn.com.hsc.clientmgmt.scheduler.SchedulerJob->updateVSDStatus(): take 0ms, userName = [null], null
[34m2023-08-07 10:15:00,012[0;39m [31m[][0;39m [31m[][0;39m [34mINFO [0;39m [[34msp-client-mgmt-scheduling-2[0;39m] [33mvn.com.hsc.clientmgmt.scheduler.SchedulerJob[0;39m: alertDailyUpdateContractDueDate: [2023-08-07T10:15:00.012820100]
[34m2023-08-07 10:15:00,012[0;39m [31m[][0;39m [31m[][0;39m [39mDEBUG[0;39m [[34msp-client-mgmt-scheduling-2[0;39m] [33mvn.com.hsc.clientmgmt.aop.ExecutionTimeAdvice[0;39m: ======> END   - vn.com.hsc.clientmgmt.scheduler.SchedulerJob->updateVSDStatus(): take 0ms, userName = [null], null
[34m2023-08-07 10:16:00,006[0;39m [31m[][0;39m [31m[][0;39m [34mINFO [0;39m [[34msp-client-mgmt-scheduling-1[0;39m] [33mvn.com.hsc.clientmgmt.scheduler.SchedulerJob[0;39m: alertDailyUpdateContractDueDate: [2023-08-07T10:16:00.006006700]
[34m2023-08-07 10:16:00,008[0;39m [31m[][0;39m [31m[][0;39m [39mDEBUG[0;39m [[34msp-client-mgmt-scheduling-1[0;39m] [33mvn.com.hsc.clientmgmt.aop.ExecutionTimeAdvice[0;39m: ======> END   - vn.com.hsc.clientmgmt.scheduler.SchedulerJob->updateVSDStatus(): take 1ms, userName = [null], null
[34m2023-08-07 10:17:00,010[0;39m [31m[][0;39m [31m[][0;39m [34mINFO [0;39m [[34msp-client-mgmt-scheduling-1[0;39m] [33mvn.com.hsc.clientmgmt.scheduler.SchedulerJob[0;39m: alertDailyUpdateContractDueDate: [2023-08-07T10:17:00.010264500]
[34m2023-08-07 10:17:00,011[0;39m [31m[][0;39m [31m[][0;39m [39mDEBUG[0;39m [[34msp-client-mgmt-scheduling-1[0;39m] [33mvn.com.hsc.clientmgmt.aop.ExecutionTimeAdvice[0;39m: ======> END   - vn.com.hsc.clientmgmt.scheduler.SchedulerJob->updateVSDStatus(): take 1ms, userName = [null], null
[34m2023-08-07 10:18:00,005[0;39m [31m[][0;39m [31m[][0;39m [34mINFO [0;39m [[34msp-client-mgmt-scheduling-1[0;39m] [33mvn.com.hsc.clientmgmt.scheduler.SchedulerJob[0;39m: alertDailyUpdateContractDueDate: [2023-08-07T10:18:00.005290]
[34m2023-08-07 10:18:00,007[0;39m [31m[][0;39m [31m[][0;39m [39mDEBUG[0;39m [[34msp-client-mgmt-scheduling-1[0;39m] [33mvn.com.hsc.clientmgmt.aop.ExecutionTimeAdvice[0;39m: ======> END   - vn.com.hsc.clientmgmt.scheduler.SchedulerJob->updateVSDStatus(): take 1ms, userName = [null], null
[34m2023-08-07 10:19:00,018[0;39m [31m[][0;39m [31m[][0;39m [34mINFO [0;39m [[34msp-client-mgmt-scheduling-1[0;39m] [33mvn.com.hsc.clientmgmt.scheduler.SchedulerJob[0;39m: alertDailyUpdateContractDueDate: [2023-08-07T10:19:00.018857800]
[34m2023-08-07 10:19:00,018[0;39m [31m[][0;39m [31m[][0;39m [39mDEBUG[0;39m [[34msp-client-mgmt-scheduling-1[0;39m] [33mvn.com.hsc.clientmgmt.aop.ExecutionTimeAdvice[0;39m: ======> END   - vn.com.hsc.clientmgmt.scheduler.SchedulerJob->updateVSDStatus(): take 0ms, userName = [null], null
[34m2023-08-07 10:20:00,004[0;39m [31m[][0;39m [31m[][0;39m [34mINFO [0;39m [[34msp-client-mgmt-scheduling-1[0;39m] [33mvn.com.hsc.clientmgmt.scheduler.SchedulerJob[0;39m: alertDailyUpdateContractDueDate: [2023-08-07T10:20:00.004937600]
[34m2023-08-07 10:20:00,006[0;39m [31m[][0;39m [31m[][0;39m [39mDEBUG[0;39m [[34msp-client-mgmt-scheduling-1[0;39m] [33mvn.com.hsc.clientmgmt.aop.ExecutionTimeAdvice[0;39m: ======> END   - vn.com.hsc.clientmgmt.scheduler.SchedulerJob->updateVSDStatus(): take 1ms, userName = [null], null
[34m2023-08-07 10:21:00,016[0;39m [31m[][0;39m [31m[][0;39m [34mINFO [0;39m [[34msp-client-mgmt-scheduling-1[0;39m] [33mvn.com.hsc.clientmgmt.scheduler.SchedulerJob[0;39m: alertDailyUpdateContractDueDate: [2023-08-07T10:21:00.016768600]
[34m2023-08-07 10:21:00,018[0;39m [31m[][0;39m [31m[][0;39m [39mDEBUG[0;39m [[34msp-client-mgmt-scheduling-1[0;39m] [33mvn.com.hsc.clientmgmt.aop.ExecutionTimeAdvice[0;39m: ======> END   - vn.com.hsc.clientmgmt.scheduler.SchedulerJob->updateVSDStatus(): take 1ms, userName = [null], null
[34m2023-08-07 10:22:00,013[0;39m [31m[][0;39m [31m[][0;39m [34mINFO [0;39m [[34msp-client-mgmt-scheduling-1[0;39m] [33mvn.com.hsc.clientmgmt.scheduler.SchedulerJob[0;39m: alertDailyUpdateContractDueDate: [2023-08-07T10:22:00.013788400]
[34m2023-08-07 10:22:00,015[0;39m [31m[][0;39m [31m[][0;39m [39mDEBUG[0;39m [[34msp-client-mgmt-scheduling-1[0;39m] [33mvn.com.hsc.clientmgmt.aop.ExecutionTimeAdvice[0;39m: ======> END   - vn.com.hsc.clientmgmt.scheduler.SchedulerJob->updateVSDStatus(): take 1ms, userName = [null], null
[34m2023-08-07 10:23:00,011[0;39m [31m[][0;39m [31m[][0;39m [34mINFO [0;39m [[34msp-client-mgmt-scheduling-1[0;39m] [33mvn.com.hsc.clientmgmt.scheduler.SchedulerJob[0;39m: alertDailyUpdateContractDueDate: [2023-08-07T10:23:00.011881200]
[34m2023-08-07 10:23:00,014[0;39m [31m[][0;39m [31m[][0;39m [39mDEBUG[0;39m [[34msp-client-mgmt-scheduling-1[0;39m] [33mvn.com.hsc.clientmgmt.aop.ExecutionTimeAdvice[0;39m: ======> END   - vn.com.hsc.clientmgmt.scheduler.SchedulerJob->updateVSDStatus(): take 2ms, userName = [null], null
[34m2023-08-07 10:24:00,008[0;39m [31m[][0;39m [31m[][0;39m [34mINFO [0;39m [[34msp-client-mgmt-scheduling-1[0;39m] [33mvn.com.hsc.clientmgmt.scheduler.SchedulerJob[0;39m: alertDailyUpdateContractDueDate: [2023-08-07T10:24:00.008001400]
[34m2023-08-07 10:24:00,008[0;39m [31m[][0;39m [31m[][0;39m [39mDEBUG[0;39m [[34msp-client-mgmt-scheduling-1[0;39m] [33mvn.com.hsc.clientmgmt.aop.ExecutionTimeAdvice[0;39m: ======> END   - vn.com.hsc.clientmgmt.scheduler.SchedulerJob->updateVSDStatus(): take 0ms, userName = [null], null
[34m2023-08-07 10:25:00,003[0;39m [31m[][0;39m [31m[][0;39m [34mINFO [0;39m [[34msp-client-mgmt-scheduling-1[0;39m] [33mvn.com.hsc.clientmgmt.scheduler.SchedulerJob[0;39m: alertDailyUpdateContractDueDate: [2023-08-07T10:25:00.003692]
[34m2023-08-07 10:25:00,004[0;39m [31m[][0;39m [31m[][0;39m [39mDEBUG[0;39m [[34msp-client-mgmt-scheduling-1[0;39m] [33mvn.com.hsc.clientmgmt.aop.ExecutionTimeAdvice[0;39m: ======> END   - vn.com.hsc.clientmgmt.scheduler.SchedulerJob->updateVSDStatus(): take 1ms, userName = [null], null
[34m2023-08-07 10:26:00,008[0;39m [31m[][0;39m [31m[][0;39m [34mINFO [0;39m [[34msp-client-mgmt-scheduling-1[0;39m] [33mvn.com.hsc.clientmgmt.scheduler.SchedulerJob[0;39m: alertDailyUpdateContractDueDate: [2023-08-07T10:26:00.008467800]
[34m2023-08-07 10:26:00,008[0;39m [31m[][0;39m [31m[][0;39m [39mDEBUG[0;39m [[34msp-client-mgmt-scheduling-1[0;39m] [33mvn.com.hsc.clientmgmt.aop.ExecutionTimeAdvice[0;39m: ======> END   - vn.com.hsc.clientmgmt.scheduler.SchedulerJob->updateVSDStatus(): take 0ms, userName = [null], null
[34m2023-08-07 10:27:00,008[0;39m [31m[][0;39m [31m[][0;39m [34mINFO [0;39m [[34msp-client-mgmt-scheduling-1[0;39m] [33mvn.com.hsc.clientmgmt.scheduler.SchedulerJob[0;39m: alertDailyUpdateContractDueDate: [2023-08-07T10:27:00.008661700]
[34m2023-08-07 10:27:00,008[0;39m [31m[][0;39m [31m[][0;39m [39mDEBUG[0;39m [[34msp-client-mgmt-scheduling-1[0;39m] [33mvn.com.hsc.clientmgmt.aop.ExecutionTimeAdvice[0;39m: ======> END   - vn.com.hsc.clientmgmt.scheduler.SchedulerJob->updateVSDStatus(): take 0ms, userName = [null], null
[34m2023-08-07 10:28:00,007[0;39m [31m[][0;39m [31m[][0;39m [34mINFO [0;39m [[34msp-client-mgmt-scheduling-1[0;39m] [33mvn.com.hsc.clientmgmt.scheduler.SchedulerJob[0;39m: alertDailyUpdateContractDueDate: [2023-08-07T10:28:00.007580900]
[34m2023-08-07 10:28:00,008[0;39m [31m[][0;39m [31m[][0;39m [39mDEBUG[0;39m [[34msp-client-mgmt-scheduling-1[0;39m] [33mvn.com.hsc.clientmgmt.aop.ExecutionTimeAdvice[0;39m: ======> END   - vn.com.hsc.clientmgmt.scheduler.SchedulerJob->updateVSDStatus(): take 0ms, userName = [null], null
[34m2023-08-07 10:29:00,016[0;39m [31m[][0;39m [31m[][0;39m [34mINFO [0;39m [[34msp-client-mgmt-scheduling-2[0;39m] [33mvn.com.hsc.clientmgmt.scheduler.SchedulerJob[0;39m: alertDailyUpdateContractDueDate: [2023-08-07T10:29:00.016192]
[34m2023-08-07 10:29:00,018[0;39m [31m[][0;39m [31m[][0;39m [39mDEBUG[0;39m [[34msp-client-mgmt-scheduling-2[0;39m] [33mvn.com.hsc.clientmgmt.aop.ExecutionTimeAdvice[0;39m: ======> END   - vn.com.hsc.clientmgmt.scheduler.SchedulerJob->updateVSDStatus(): take 2ms, userName = [null], null
[34m2023-08-07 10:30:00,013[0;39m [31m[][0;39m [31m[][0;39m [34mINFO [0;39m [[34msp-client-mgmt-scheduling-2[0;39m] [33mvn.com.hsc.clientmgmt.scheduler.SchedulerJob[0;39m: alertDailyUpdateContractDueDate: [2023-08-07T10:30:00.013188100]
[34m2023-08-07 10:30:00,015[0;39m [31m[][0;39m [31m[][0;39m [39mDEBUG[0;39m [[34msp-client-mgmt-scheduling-2[0;39m] [33mvn.com.hsc.clientmgmt.aop.ExecutionTimeAdvice[0;39m: ======> END   - vn.com.hsc.clientmgmt.scheduler.SchedulerJob->updateVSDStatus(): take 1ms, userName = [null], null
[34m2023-08-07 10:31:00,002[0;39m [31m[][0;39m [31m[][0;39m [34mINFO [0;39m [[34msp-client-mgmt-scheduling-2[0;39m] [33mvn.com.hsc.clientmgmt.scheduler.SchedulerJob[0;39m: alertDailyUpdateContractDueDate: [2023-08-07T10:31:00.002550100]
[34m2023-08-07 10:31:00,004[0;39m [31m[][0;39m [31m[][0;39m [39mDEBUG[0;39m [[34msp-client-mgmt-scheduling-2[0;39m] [33mvn.com.hsc.clientmgmt.aop.ExecutionTimeAdvice[0;39m: ======> END   - vn.com.hsc.clientmgmt.scheduler.SchedulerJob->updateVSDStatus(): take 1ms, userName = [null], null
[34m2023-08-07 10:32:00,011[0;39m [31m[][0;39m [31m[][0;39m [34mINFO [0;39m [[34msp-client-mgmt-scheduling-2[0;39m] [33mvn.com.hsc.clientmgmt.scheduler.SchedulerJob[0;39m: alertDailyUpdateContractDueDate: [2023-08-07T10:32:00.011362100]
[34m2023-08-07 10:32:00,013[0;39m [31m[][0;39m [31m[][0;39m [39mDEBUG[0;39m [[34msp-client-mgmt-scheduling-2[0;39m] [33mvn.com.hsc.clientmgmt.aop.ExecutionTimeAdvice[0;39m: ======> END   - vn.com.hsc.clientmgmt.scheduler.SchedulerJob->updateVSDStatus(): take 1ms, userName = [null], null
[34m2023-08-07 10:33:00,016[0;39m [31m[][0;39m [31m[][0;39m [34mINFO [0;39m [[34msp-client-mgmt-scheduling-2[0;39m] [33mvn.com.hsc.clientmgmt.scheduler.SchedulerJob[0;39m: alertDailyUpdateContractDueDate: [2023-08-07T10:33:00.016359900]
[34m2023-08-07 10:33:00,018[0;39m [31m[][0;39m [31m[][0;39m [39mDEBUG[0;39m [[34msp-client-mgmt-scheduling-2[0;39m] [33mvn.com.hsc.clientmgmt.aop.ExecutionTimeAdvice[0;39m: ======> END   - vn.com.hsc.clientmgmt.scheduler.SchedulerJob->updateVSDStatus(): take 1ms, userName = [null], null
[34m2023-08-07 10:34:00,008[0;39m [31m[][0;39m [31m[][0;39m [34mINFO [0;39m [[34msp-client-mgmt-scheduling-2[0;39m] [33mvn.com.hsc.clientmgmt.scheduler.SchedulerJob[0;39m: alertDailyUpdateContractDueDate: [2023-08-07T10:34:00.008409700]
[34m2023-08-07 10:34:00,008[0;39m [31m[][0;39m [31m[][0;39m [39mDEBUG[0;39m [[34msp-client-mgmt-scheduling-2[0;39m] [33mvn.com.hsc.clientmgmt.aop.ExecutionTimeAdvice[0;39m: ======> END   - vn.com.hsc.clientmgmt.scheduler.SchedulerJob->updateVSDStatus(): take 0ms, userName = [null], null
[34m2023-08-07 10:35:00,016[0;39m [31m[][0;39m [31m[][0;39m [34mINFO [0;39m [[34msp-client-mgmt-scheduling-2[0;39m] [33mvn.com.hsc.clientmgmt.scheduler.SchedulerJob[0;39m: alertDailyUpdateContractDueDate: [2023-08-07T10:35:00.016431500]
[34m2023-08-07 10:35:00,016[0;39m [31m[][0;39m [31m[][0;39m [39mDEBUG[0;39m [[34msp-client-mgmt-scheduling-2[0;39m] [33mvn.com.hsc.clientmgmt.aop.ExecutionTimeAdvice[0;39m: ======> END   - vn.com.hsc.clientmgmt.scheduler.SchedulerJob->updateVSDStatus(): take 0ms, userName = [null], null
[34m2023-08-07 10:36:00,012[0;39m [31m[][0;39m [31m[][0;39m [34mINFO [0;39m [[34msp-client-mgmt-scheduling-1[0;39m] [33mvn.com.hsc.clientmgmt.scheduler.SchedulerJob[0;39m: alertDailyUpdateContractDueDate: [2023-08-07T10:36:00.012757100]
[34m2023-08-07 10:36:00,013[0;39m [31m[][0;39m [31m[][0;39m [39mDEBUG[0;39m [[34msp-client-mgmt-scheduling-1[0;39m] [33mvn.com.hsc.clientmgmt.aop.ExecutionTimeAdvice[0;39m: ======> END   - vn.com.hsc.clientmgmt.scheduler.SchedulerJob->updateVSDStatus(): take 1ms, userName = [null], null
[34m2023-08-07 10:37:00,012[0;39m [31m[][0;39m [31m[][0;39m [34mINFO [0;39m [[34msp-client-mgmt-scheduling-1[0;39m] [33mvn.com.hsc.clientmgmt.scheduler.SchedulerJob[0;39m: alertDailyUpdateContractDueDate: [2023-08-07T10:37:00.012073300]
[34m2023-08-07 10:37:00,013[0;39m [31m[][0;39m [31m[][0;39m [39mDEBUG[0;39m [[34msp-client-mgmt-scheduling-1[0;39m] [33mvn.com.hsc.clientmgmt.aop.ExecutionTimeAdvice[0;39m: ======> END   - vn.com.hsc.clientmgmt.scheduler.SchedulerJob->updateVSDStatus(): take 0ms, userName = [null], null
